<?xml version="1.0" encoding="ISO-8859-1"?>

<module name="junit" version="3.8.1">

  <properties>
    <property name="project.publisher.name" value="JUnit"/>
    <property name="project.specification.vendor" value="${project.publisher.name}"/>
    <property name="project.implementation.vendor" value="${project.publisher.name}"/>
    <property name="project.implementation.vendor-id" value="org.junit"/>
     <property name="project.publisher.url" value="http://www.junit.org"/>
    <property name="project.resource.host" value="http://repository.dpml.net/"/>
    <property name="project.api.host" value="http://api.dpml.net"/>
  </properties>

  <resource name="junit">
    <properties>
      <property name="project.api.root" value="${project.api.host}/${group}/${version}"/>
    </properties>
    <types>
      <type id="jar"/>
    </types>
  </resource>

</module>
